<?xml version="1.0" encoding="UTF-8"?>
<testsuite name="io.knotx.server.handler.http.response.header.CustomHeaderRoutingHandlerTest" tests="2" skipped="0" failures="0" errors="0" timestamp="2019-02-08T15:15:46" hostname="PL-MAC-C02XR3FPJHD2.local" time="0.612">
  <properties/>
  <testcase name="handle_whenCustomHeaderConfigured_expectCustomHeaderSet()" classname="io.knotx.server.handler.http.response.header.CustomHeaderRoutingHandlerTest" time="0.61"/>
  <testcase name="handle_emptyConfiguration_expectNoCustomHeadersSet()" classname="io.knotx.server.handler.http.response.header.CustomHeaderRoutingHandlerTest" time="0.001"/>
  <system-out><![CDATA[]]></system-out>
  <system-err><![CDATA[]]></system-err>
</testsuite>
